/*C5*/SET SCHEMA PUBLIC
DROP TABLE Stock
CREATE TABLE Stock (TickerSymbol CHAR(4) NOT NULL PRIMARY KEY, Name CHAR(10), Shares Int, Price Double )
INSERT INTO STOCK VALUES('PEAR','Pear      ',50,111.73E0)
COMMIT
INSERT INTO STOCK VALUES('PPSI','Pepsi     ',35,102.26E0)
COMMIT
INSERT INTO STOCK VALUES('GOOG','Google    ',20,784.8E0)
COMMIT
INSERT INTO STOCK VALUES('MSFT','Microsoft ',35,60.86E0)
COMMIT
INSERT INTO STOCK VALUES('WMT ','Wal-Mart  ',25,69.37E0)
COMMIT
DISCONNECT
/*C6*/SET SCHEMA PUBLIC
DISCONNECT
/*C7*/SET SCHEMA PUBLIC
INSERT INTO STOCK VALUES('MSG ','Message   ',60,100.0E0)
COMMIT
DISCONNECT
/*C8*/SET SCHEMA PUBLIC
DISCONNECT
